<?xml version="1.0" encoding="UTF-8"?>
<testng-results ignored="0" total="1" passed="1" failed="0" skipped="0">
  <reporter-output>
  </reporter-output>
  <suite started-at="2020-09-25T07:45:00Z" name="Default suite" finished-at="2020-09-25T07:45:42Z" duration-ms="41598">
    <groups>
    </groups>
    <test started-at="2020-09-25T07:45:00Z" name="Default test" finished-at="2020-09-25T07:45:42Z" duration-ms="41598">
      <class name="com.atmecs.goibibo.SignUpTest">
        <test-method is-config="true" signature="beforeTest()[pri:0, instance:com.atmecs.goibibo.SignUpTest@5c1a8622]" started-at="2020-09-25T07:45:00Z" name="beforeTest" finished-at="2020-09-25T07:45:14Z" duration-ms="13313" status="PASS">
          <reporter-output>
          </reporter-output>
        </test-method> <!-- beforeTest -->
        <test-method signature="signUpTest()[pri:0, instance:com.atmecs.goibibo.SignUpTest@5c1a8622]" started-at="2020-09-25T07:45:14Z" name="signUpTest" finished-at="2020-09-25T07:45:40Z" duration-ms="26367" status="PASS">
          <reporter-output>
          </reporter-output>
        </test-method> <!-- signUpTest -->
        <test-method is-config="true" signature="afterTest()[pri:0, instance:com.atmecs.goibibo.SignUpTest@5c1a8622]" started-at="2020-09-25T07:45:40Z" name="afterTest" finished-at="2020-09-25T07:45:42Z" duration-ms="1881" status="PASS">
          <reporter-output>
          </reporter-output>
        </test-method> <!-- afterTest -->
      </class> <!-- com.atmecs.goibibo.SignUpTest -->
    </test> <!-- Default test -->
  </suite> <!-- Default suite -->
</testng-results>
