<?xml version="1.0" encoding="UTF-8"?>
<testng-results ignored="0" total="4" passed="4" failed="0" skipped="0">
  <reporter-output>
  </reporter-output>
  <suite started-at="2020-10-01T10:00:03Z" name="Suite" finished-at="2020-10-01T10:02:50Z" duration-ms="166730">
    <groups>
    </groups>
    <test started-at="2020-10-01T10:00:03Z" name="Goibibo" finished-at="2020-10-01T10:02:50Z" duration-ms="166730">
      <class name="com.atmecs.goibibo.BookingTest">
        <test-method is-config="true" signature="beforeTest()[pri:0, instance:com.atmecs.goibibo.BookingTest@78047b92]" started-at="2020-10-01T10:01:42Z" name="beforeTest" finished-at="2020-10-01T10:01:49Z" duration-ms="6813" status="PASS">
          <reporter-output>
          </reporter-output>
        </test-method> <!-- beforeTest -->
        <test-method signature="bookingTest(java.lang.String, java.lang.String)[pri:0, instance:com.atmecs.goibibo.BookingTest@78047b92]" started-at="2020-10-01T10:01:49Z" name="bookingTest" data-provider="Data" finished-at="2020-10-01T10:02:15Z" duration-ms="25601" status="PASS">
          <params>
            <param index="0">
              <value>
                <![CDATA[Chennai]]>
              </value>
            </param>
            <param index="1">
              <value>
                <![CDATA[Bangalore]]>
              </value>
            </param>
          </params>
          <reporter-output>
          </reporter-output>
        </test-method> <!-- bookingTest -->
        <test-method is-config="true" signature="afterTest()[pri:0, instance:com.atmecs.goibibo.BookingTest@78047b92]" started-at="2020-10-01T10:02:15Z" name="afterTest" finished-at="2020-10-01T10:02:16Z" duration-ms="1110" status="PASS">
          <reporter-output>
          </reporter-output>
        </test-method> <!-- afterTest -->
        <test-method is-config="true" signature="beforeTest()[pri:0, instance:com.atmecs.goibibo.BookingTest@78047b92]" started-at="2020-10-01T10:02:16Z" name="beforeTest" finished-at="2020-10-01T10:02:23Z" duration-ms="6862" status="PASS">
          <reporter-output>
          </reporter-output>
        </test-method> <!-- beforeTest -->
        <test-method signature="bookingTest(java.lang.String, java.lang.String)[pri:0, instance:com.atmecs.goibibo.BookingTest@78047b92]" started-at="2020-10-01T10:02:23Z" name="bookingTest" data-provider="Data" finished-at="2020-10-01T10:02:48Z" duration-ms="25768" status="PASS">
          <params>
            <param index="0">
              <value>
                <![CDATA[Bangalore]]>
              </value>
            </param>
            <param index="1">
              <value>
                <![CDATA[Hyderabad]]>
              </value>
            </param>
          </params>
          <reporter-output>
          </reporter-output>
        </test-method> <!-- bookingTest -->
        <test-method is-config="true" signature="afterTest()[pri:0, instance:com.atmecs.goibibo.BookingTest@78047b92]" started-at="2020-10-01T10:02:48Z" name="afterTest" finished-at="2020-10-01T10:02:50Z" duration-ms="1484" status="PASS">
          <reporter-output>
          </reporter-output>
        </test-method> <!-- afterTest -->
      </class> <!-- com.atmecs.goibibo.BookingTest -->
      <class name="com.atmecs.goibibo.SignUpTest">
        <test-method is-config="true" signature="beforeTest()[pri:0, instance:com.atmecs.goibibo.SignUpTest@7a52f2a2]" started-at="2020-10-01T10:00:04Z" name="beforeTest" finished-at="2020-10-01T10:00:11Z" duration-ms="7180" status="PASS">
          <reporter-output>
          </reporter-output>
        </test-method> <!-- beforeTest -->
        <test-method signature="signUpTest(java.lang.String, java.lang.String)[pri:0, instance:com.atmecs.goibibo.SignUpTest@7a52f2a2]" started-at="2020-10-01T10:00:11Z" name="signUpTest" data-provider="Data" finished-at="2020-10-01T10:00:51Z" duration-ms="40031" status="PASS">
          <params>
            <param index="0">
              <value>
                <![CDATA[abc]]>
              </value>
            </param>
            <param index="1">
              <value>
                <![CDATA[123]]>
              </value>
            </param>
          </params>
          <reporter-output>
          </reporter-output>
        </test-method> <!-- signUpTest -->
        <test-method is-config="true" signature="afterTest()[pri:0, instance:com.atmecs.goibibo.SignUpTest@7a52f2a2]" started-at="2020-10-01T10:00:51Z" name="afterTest" finished-at="2020-10-01T10:00:52Z" duration-ms="1285" status="PASS">
          <reporter-output>
          </reporter-output>
        </test-method> <!-- afterTest -->
        <test-method is-config="true" signature="beforeTest()[pri:0, instance:com.atmecs.goibibo.SignUpTest@7a52f2a2]" started-at="2020-10-01T10:00:52Z" name="beforeTest" finished-at="2020-10-01T10:00:59Z" duration-ms="6705" status="PASS">
          <reporter-output>
          </reporter-output>
        </test-method> <!-- beforeTest -->
        <test-method signature="signUpTest(java.lang.String, java.lang.String)[pri:0, instance:com.atmecs.goibibo.SignUpTest@7a52f2a2]" started-at="2020-10-01T10:00:59Z" name="signUpTest" data-provider="Data" finished-at="2020-10-01T10:01:41Z" duration-ms="41919" status="PASS">
          <params>
            <param index="0">
              <value>
                <![CDATA[xyz]]>
              </value>
            </param>
            <param index="1">
              <value>
                <![CDATA[456]]>
              </value>
            </param>
          </params>
          <reporter-output>
          </reporter-output>
        </test-method> <!-- signUpTest -->
        <test-method is-config="true" signature="afterTest()[pri:0, instance:com.atmecs.goibibo.SignUpTest@7a52f2a2]" started-at="2020-10-01T10:01:41Z" name="afterTest" finished-at="2020-10-01T10:01:42Z" duration-ms="1283" status="PASS">
          <reporter-output>
          </reporter-output>
        </test-method> <!-- afterTest -->
      </class> <!-- com.atmecs.goibibo.SignUpTest -->
    </test> <!-- Goibibo -->
  </suite> <!-- Suite -->
</testng-results>
