<?xml version="1.0" encoding="UTF-8"?>
<testng-results ignored="0" total="1" passed="1" failed="0" skipped="0">
  <reporter-output>
  </reporter-output>
  <suite started-at="2020-11-05T14:12:13 IST" name="Default suite" finished-at="2020-11-05T14:12:20 IST" duration-ms="6260">
    <groups>
    </groups>
    <test started-at="2020-11-05T14:12:13 IST" name="Default test" finished-at="2020-11-05T14:12:20 IST" duration-ms="6260">
      <class name="com.atmecs.restapi.getuser.GetUser">
        <test-method signature="getUser(java.lang.String, java.lang.String, java.lang.String, java.lang.String)[pri:0, instance:com.atmecs.restapi.getuser.GetUser@7d0b7e3c]" started-at="2020-11-05T14:12:14 IST" name="getUser" data-provider="Data" finished-at="2020-11-05T14:12:20 IST" duration-ms="6201" status="PASS">
          <params>
            <param index="0">
              <value>
                <![CDATA[https://reqres.in/api/users/2]]>
              </value>
            </param>
            <param index="1">
              <value>
                <![CDATA[Padmapriya]]>
              </value>
            </param>
            <param index="2">
              <value>
                <![CDATA[Inbasekaran]]>
              </value>
            </param>
            <param index="3">
              <value>
                <![CDATA[padmapriya.inbasekaran@atmecs.com]]>
              </value>
            </param>
          </params>
          <reporter-output>
          </reporter-output>
        </test-method> <!-- getUser -->
      </class> <!-- com.atmecs.restapi.getuser.GetUser -->
    </test> <!-- Default test -->
  </suite> <!-- Default suite -->
</testng-results>
