<?xml version="1.0" encoding="UTF-8"?>
<testng-results ignored="0" total="1" passed="1" failed="0" skipped="0">
  <reporter-output>
  </reporter-output>
  <suite started-at="2020-11-05T16:16:04 IST" name="Default suite" finished-at="2020-11-05T16:16:06 IST" duration-ms="2339">
    <groups>
    </groups>
    <test started-at="2020-11-05T16:16:04 IST" name="Default test" finished-at="2020-11-05T16:16:06 IST" duration-ms="2339">
      <class name="com.atemcs.allinone.employeedb.ManyToMany">
        <test-method signature="insertData()[pri:0, instance:com.atemcs.allinone.employeedb.ManyToMany@368247b9]" started-at="2020-11-05T16:16:04 IST" name="insertData" finished-at="2020-11-05T16:16:06 IST" duration-ms="2290" status="PASS">
          <reporter-output>
          </reporter-output>
        </test-method> <!-- insertData -->
      </class> <!-- com.atemcs.allinone.employeedb.ManyToMany -->
    </test> <!-- Default test -->
  </suite> <!-- Default suite -->
</testng-results>
