<?xml version="1.0" encoding="UTF-8"?>
<!-- Generated by org.testng.reporters.JUnitXMLReporter -->
<testsuite ignored="0" hostname="ATMECSBLRLT-036" failures="2" tests="2" name="Test" time="64.937" errors="0" timestamp="30 Sep 2020 08:30:17 GMT">
  <testcase classname="com.atmecs.exceldata.ExcelData" name="ReadData" time="23.199">
    <failure type="java.lang.IllegalArgumentException" message="Cannot find elements when the XPath is null.">
      <![CDATA[java.lang.IllegalArgumentException: Cannot find elements when the XPath is null.
at org.openqa.selenium.By$ByXPath.<init>(By.java:339)
at org.openqa.selenium.By.xpath(By.java:92)
at com.atmecs.chatbox.pagehelper.HelperClass.chatIconMethod(HelperClass.java:58)
at com.atmecs.exceldata.ExcelData.ReadData(ExcelData.java:25)
... Removed 25 stack frames]]>
    </failure>
  </testcase> <!-- ReadData -->
  <testcase classname="com.atmecs.exceldata.ExcelData" name="ReadData" time="23.114">
    <failure type="java.lang.IllegalArgumentException" message="Cannot find elements when the XPath is null.">
      <![CDATA[java.lang.IllegalArgumentException: Cannot find elements when the XPath is null.
at org.openqa.selenium.By$ByXPath.<init>(By.java:339)
at org.openqa.selenium.By.xpath(By.java:92)
at com.atmecs.chatbox.pagehelper.HelperClass.chatIconMethod(HelperClass.java:58)
at com.atmecs.exceldata.ExcelData.ReadData(ExcelData.java:25)
... Removed 25 stack frames]]>
    </failure>
  </testcase> <!-- ReadData -->
</testsuite> <!-- Test -->
