<?xml version="1.0" encoding="UTF-8"?>
<!-- Generated by org.testng.reporters.JUnitXMLReporter -->
<testsuite ignored="0" hostname="ATMECSBLRLT-036" failures="1" tests="1" name="Test" time="49.339" errors="0" timestamp="22 Sep 2020 09:11:26 GMT">
  <testcase classname="com.atmecs.chatbox.ChatBoxTest" name="chatBox" time="36.956">
    <failure type="java.lang.NullPointerException">
      <![CDATA[java.lang.NullPointerException
at org.openqa.selenium.support.ui.Quotes.escape(Quotes.java:42)
at org.openqa.selenium.support.ui.Select.findOptionsByValue(Select.java:281)
at org.openqa.selenium.support.ui.Select.selectByValue(Select.java:186)
at com.atmecs.chatbox.HelperClass.selectElementFromDropdown(HelperClass.java:23)
at com.atmecs.chatbox.ChatBoxTest.chatBox(ChatBoxTest.java:39)
... Removed 25 stack frames]]>
    </failure>
  </testcase> <!-- chatBox -->
</testsuite> <!-- Test -->
