<?xml version="1.0" encoding="UTF-8"?>
<!-- Generated by org.testng.reporters.JUnitXMLReporter -->
<testsuite ignored="2" hostname="ATMECSBLRLT-036" failures="1" tests="2" name="Goibibo" time="38.467" errors="0" timestamp="22 Sep 2020 10:39:54 GMT">
  <testcase classname="com.atmecs.goibibo.SignUpTest" name="booking" time="26.025"/>
  <testcase classname="com.atmecs.goibibo.BookingTest" name="signup" time="2.001">
    <failure type="java.lang.NullPointerException">
      <![CDATA[java.lang.NullPointerException
at com.atmecs.goibibo.BookingTest.signup(BookingTest.java:13)
... Removed 25 stack frames]]>
    </failure>
  </testcase> <!-- signup -->
  <testcase classname="com.atmecs.goibibo.BaseFile" name="@BeforeTest beforeTest" time="0.0">
    <ignored/>
  </testcase> <!-- @BeforeTest beforeTest -->
  <testcase classname="com.atmecs.goibibo.BaseFile" name="@AfterTest afterTest" time="0.0">
    <ignored/>
  </testcase> <!-- @AfterTest afterTest -->
</testsuite> <!-- Goibibo -->
