<?xml version="1.0" encoding="UTF-8"?>
<!-- Generated by org.testng.reporters.JUnitXMLReporter -->
<testsuite ignored="2" hostname="ATMECSBLRLT-036" failures="2" tests="2" name="Goibibo" time="13.38" errors="0" timestamp="25 Sep 2020 04:25:56 GMT">
  <testcase classname="com.atmecs.goibibo.SignUpTest" name="signUpTest" time="2.021">
    <failure type="java.lang.NullPointerException">
      <![CDATA[java.lang.NullPointerException
at com.atmecs.goibibo.helperclass.HelperClass.findElementById(HelperClass.java:33)
at com.atmecs.goibibo.pagehelper.PageHelperSignUp.signup(PageHelperSignUp.java:28)
at com.atmecs.goibibo.SignUpTest.signUpTest(SignUpTest.java:21)
... Removed 25 stack frames]]>
    </failure>
  </testcase> <!-- signUpTest -->
  <testcase classname="com.atmecs.goibibo.BookingTest" name="bookingTest" time="0.004">
    <failure type="java.lang.NullPointerException">
      <![CDATA[java.lang.NullPointerException
at com.atmecs.goibibo.pagehelper.PageHelperBooking.booking(PageHelperBooking.java:31)
at com.atmecs.goibibo.BookingTest.bookingTest(BookingTest.java:21)
... Removed 25 stack frames]]>
    </failure>
  </testcase> <!-- bookingTest -->
  <testcase classname="com.atmecs.goibibo.basefile.BaseFile" name="@BeforeTest beforeTest" time="0.0">
    <ignored/>
  </testcase> <!-- @BeforeTest beforeTest -->
  <testcase classname="com.atmecs.goibibo.basefile.BaseFile" name="@AfterTest afterTest" time="0.0">
    <ignored/>
  </testcase> <!-- @AfterTest afterTest -->
</testsuite> <!-- Goibibo -->
