<?xml version="1.0" encoding="UTF-8"?>
<!-- Generated by org.testng.reporters.JUnitXMLReporter -->
<testsuite ignored="0" hostname="ATMECSBLRLT-036" failures="0" tests="1" name="SignUp" time="23.753" errors="0" timestamp="22 Sep 2020 04:48:04 GMT">
  <testcase classname="com.atmecs.goibibo.SignUpTest" name="@BeforeMethod beforeMethod" time="23.689">
    <failure type="java.io.FileNotFoundException" message="D:\Selenium\goibibo (Access is denied)">
      <![CDATA[java.io.FileNotFoundException: D:\Selenium\goibibo (Access is denied)
at java.base/java.io.FileInputStream.open0(Native Method)
at java.base/java.io.FileInputStream.open(FileInputStream.java:213)
at java.base/java.io.FileInputStream.<init>(FileInputStream.java:155)
at java.base/java.io.FileInputStream.<init>(FileInputStream.java:110)
at com.atmecs.goibibo.SignUpTest.beforeMethod(SignUpTest.java:42)
... Removed 28 stack frames]]>
    </failure>
  </testcase> <!-- @BeforeMethod beforeMethod -->
  <testcase classname="com.atmecs.goibibo.SignUpTest" name="@AfterMethod afterMethod" time="0.0">
    <skipped/>
  </testcase> <!-- @AfterMethod afterMethod -->
  <testcase classname="com.atmecs.goibibo.SignUpTest" name="@AfterTest afterTest" time="0.0">
    <skipped/>
  </testcase> <!-- @AfterTest afterTest -->
  <testcase classname="com.atmecs.goibibo.SignUpTest" name="booking" time="0.0">
    <skipped/>
  </testcase> <!-- booking -->
</testsuite> <!-- SignUp -->
