<?xml version="1.0" encoding="UTF-8"?>
<testng-results ignored="0" total="1" passed="1" failed="0" skipped="0">
  <reporter-output>
  </reporter-output>
  <suite started-at="2020-10-13T18:20:00 IST" name="Default suite" finished-at="2020-10-13T18:20:03 IST" duration-ms="2910">
    <groups>
    </groups>
    <test started-at="2020-10-13T18:20:00 IST" name="Default test" finished-at="2020-10-13T18:20:03 IST" duration-ms="2910">
      <class name="com.atmecs.jsonsample.TestClass">
        <test-method signature="testClass()[pri:0, instance:com.atmecs.jsonsample.TestClass@3012646b]" started-at="2020-10-13T18:20:00 IST" name="testClass" finished-at="2020-10-13T18:20:03 IST" duration-ms="2865" status="PASS">
          <reporter-output>
          </reporter-output>
        </test-method> <!-- testClass -->
      </class> <!-- com.atmecs.jsonsample.TestClass -->
    </test> <!-- Default test -->
  </suite> <!-- Default suite -->
</testng-results>
