<?xml version="1.0" encoding="UTF-8"?>
<testng-results ignored="0" total="1" passed="1" failed="0" skipped="0">
  <reporter-output>
  </reporter-output>
  <suite started-at="2020-10-20T15:41:01 IST" name="Default suite" finished-at="2020-10-20T15:41:03 IST" duration-ms="2062">
    <groups>
    </groups>
    <test started-at="2020-10-20T15:41:01 IST" name="Default test" finished-at="2020-10-20T15:41:03 IST" duration-ms="2062">
      <class name="com.atmecs.hibernate.crud.DeleteRecord">
        <test-method signature="deleteRecord()[pri:0, instance:com.atmecs.hibernate.crud.DeleteRecord@1a6d8329]" started-at="2020-10-20T15:41:01 IST" name="deleteRecord" finished-at="2020-10-20T15:41:03 IST" duration-ms="2011" status="PASS">
          <reporter-output>
          </reporter-output>
        </test-method> <!-- deleteRecord -->
      </class> <!-- com.atmecs.hibernate.crud.DeleteRecord -->
    </test> <!-- Default test -->
  </suite> <!-- Default suite -->
</testng-results>
