<?xml version="1.0" encoding="UTF-8"?>
<!-- Generated by org.testng.reporters.JUnitXMLReporter -->
<testsuite ignored="0" hostname="ATMECSBLRLT-036" failures="1" tests="1" name="Test" time="1.429" errors="0" timestamp="2020-10-23T11:22:54 IST">
  <testcase classname="com.atmecs.cascade.Employee.Insertdata" name="writeToDb" time="1.373">
    <failure type="org.hibernate.MappingException" message="Repeated column in mapping for entity: com.atmecs.cascade.Employee.Employee column: Sno (should be mapped with insert=&amp;quot;false&amp;quot; update=&amp;quot;false&amp;quot;)">
      <![CDATA[org.hibernate.MappingException: Repeated column in mapping for entity: com.atmecs.cascade.Employee.Employee column: Sno (should be mapped with insert="false" update="false")
at org.hibernate.mapping.PersistentClass.checkColumnDuplication(PersistentClass.java:862)
at org.hibernate.mapping.PersistentClass.checkPropertyColumnDuplication(PersistentClass.java:880)
at org.hibernate.mapping.PersistentClass.checkColumnDuplication(PersistentClass.java:902)
at org.hibernate.mapping.PersistentClass.validate(PersistentClass.java:634)
at org.hibernate.mapping.RootClass.validate(RootClass.java:267)
at org.hibernate.boot.internal.MetadataImpl.validate(MetadataImpl.java:354)
at org.hibernate.boot.internal.SessionFactoryBuilderImpl.build(SessionFactoryBuilderImpl.java:465)
at org.hibernate.cfg.Configuration.buildSessionFactory(Configuration.java:708)
at org.hibernate.cfg.Configuration.buildSessionFactory(Configuration.java:724)
at com.atmecs.cascade.Employee.Insertdata.writeToDb(Insertdata.java:14)
at java.base/java.util.ArrayList.forEach(ArrayList.java:1540)
... Removed 27 stack frames]]>
    </failure>
  </testcase> <!-- writeToDb -->
</testsuite> <!-- Test -->
