<?xml version="1.0" encoding="UTF-8"?>
<testng-results ignored="0" total="1" passed="1" failed="0" skipped="0">
  <reporter-output>
  </reporter-output>
  <suite started-at="2020-10-27T17:39:59 IST" name="Default suite" finished-at="2020-10-27T17:40:10 IST" duration-ms="11621">
    <groups>
    </groups>
    <test started-at="2020-10-27T17:39:59 IST" name="Default test" finished-at="2020-10-27T17:40:10 IST" duration-ms="11621">
      <class name="com.atmecs.cascade.Employee.UpdateData">
        <test-method signature="readData()[pri:0, instance:com.atmecs.cascade.Employee.UpdateData@1a942c18]" started-at="2020-10-27T17:39:59 IST" name="readData" finished-at="2020-10-27T17:40:10 IST" duration-ms="11577" status="PASS">
          <reporter-output>
          </reporter-output>
        </test-method> <!-- readData -->
      </class> <!-- com.atmecs.cascade.Employee.UpdateData -->
    </test> <!-- Default test -->
  </suite> <!-- Default suite -->
</testng-results>
