<?xml version="1.0" encoding="UTF-8"?>
<testng-results ignored="0" total="1" passed="1" failed="0" skipped="0">
  <reporter-output>
  </reporter-output>
  <suite started-at="2020-09-25T06:51:56Z" name="Suite" finished-at="2020-09-25T06:53:08Z" duration-ms="72016">
    <groups>
    </groups>
    <test started-at="2020-09-25T06:51:56Z" name="Test" finished-at="2020-09-25T06:53:08Z" duration-ms="72016">
      <class name="com.atmecs.chatbox.ChatBoxTest">
        <test-method is-config="true" signature="beforeTest()[pri:0, instance:com.atmecs.chatbox.ChatBoxTest@5c1a8622]" started-at="2020-09-25T06:51:56Z" name="beforeTest" finished-at="2020-09-25T06:52:08Z" duration-ms="12286" status="PASS">
          <reporter-output>
          </reporter-output>
        </test-method> <!-- beforeTest -->
        <test-method signature="chatBoxTest()[pri:0, instance:com.atmecs.chatbox.ChatBoxTest@5c1a8622]" started-at="2020-09-25T06:52:08Z" name="chatBoxTest" finished-at="2020-09-25T06:53:07Z" duration-ms="58392" status="PASS">
          <reporter-output>
          </reporter-output>
        </test-method> <!-- chatBoxTest -->
        <test-method is-config="true" signature="afterTest()[pri:0, instance:com.atmecs.chatbox.ChatBoxTest@5c1a8622]" started-at="2020-09-25T06:53:07Z" name="afterTest" finished-at="2020-09-25T06:53:08Z" duration-ms="1303" status="PASS">
          <reporter-output>
          </reporter-output>
        </test-method> <!-- afterTest -->
      </class> <!-- com.atmecs.chatbox.ChatBoxTest -->
    </test> <!-- Test -->
  </suite> <!-- Suite -->
</testng-results>
