<?xml version="1.0" encoding="UTF-8"?>
<!-- Generated by org.testng.reporters.JUnitXMLReporter -->
<testsuite ignored="0" hostname="ATMECSBLRLT-036" failures="0" tests="1" name="LogIn" time="0.036" errors="0" timestamp="22 Sep 2020 04:47:59 GMT">
  <testcase classname="com.atmecs.demoblaze.LogInTest" name="@BeforeTest beforeTest" time="0.017">
    <failure type="java.io.FileNotFoundException" message="\lib\chromedriver.exe\src\main\resources\locators\locators.properties (The system cannot find the path specified)">
      <![CDATA[java.io.FileNotFoundException: \lib\chromedriver.exe\src\main\resources\locators\locators.properties (The system cannot find the path specified)
at java.base/java.io.FileInputStream.open0(Native Method)
at java.base/java.io.FileInputStream.open(FileInputStream.java:213)
at java.base/java.io.FileInputStream.<init>(FileInputStream.java:155)
at java.base/java.io.FileInputStream.<init>(FileInputStream.java:110)
at com.atmecs.demoblaze.LogInTest.beforeTest(LogInTest.java:22)
... Removed 24 stack frames]]>
    </failure>
  </testcase> <!-- @BeforeTest beforeTest -->
  <testcase classname="com.atmecs.demoblaze.LogInTest" name="@AfterTest afterTest" time="0.0">
    <skipped/>
  </testcase> <!-- @AfterTest afterTest -->
  <testcase classname="com.atmecs.demoblaze.LogInTest" name="demoBlazeLogIn" time="0.0">
    <skipped/>
  </testcase> <!-- demoBlazeLogIn -->
</testsuite> <!-- LogIn -->
