<?xml version="1.0" encoding="UTF-8"?>
<!-- Generated by org.testng.reporters.JUnitXMLReporter -->
<testsuite ignored="6" hostname="ATMECSBLRLT-036" failures="4" tests="5" name="SignUp" time="21.055" errors="0" timestamp="22 Sep 2020 12:46:58 GMT">
  <testcase classname="com.atmecs.demoblaze.SignUpTest" name="demoBlazeSignUp" time="4.07">
    <failure type="org.openqa.selenium.WebDriverException" message="chrome not reachable
  (Session info: chrome=85.0.4183.102)
Build info: version: &amp;apos;3.141.59&amp;apos;, revision: &amp;apos;e82be7d358&amp;apos;, time: &amp;apos;2018-11-14T08:17:03&amp;apos;
System info: host: &amp;apos;ATMECSBLRLT-036&amp;apos;, ip: &amp;apos;192.168.43.99&amp;apos;, os.name: &amp;apos;Windows 10&amp;apos;, os.arch: &amp;apos;amd64&amp;apos;, os.version: &amp;apos;10.0&amp;apos;, java.version: &amp;apos;12.0.2&amp;apos;
Driver info: org.openqa.selenium.chrome.ChromeDriver
Capabilities {acceptInsecureCerts: false, browserName: chrome, browserVersion: 85.0.4183.102, chrome: {chromedriverVersion: 85.0.4183.87 (cd6713ebf92fa..., userDataDir: C:\Users\PADMAP~1.I\AppData...}, goog:chromeOptions: {debuggerAddress: localhost:52641}, javascriptEnabled: true, networkConnectionEnabled: false, pageLoadStrategy: normal, platform: WINDOWS, platformName: WINDOWS, proxy: Proxy(), setWindowRect: true, strictFileInteractability: false, timeouts: {implicit: 0, pageLoad: 300000, script: 30000}, unhandledPromptBehavior: dismiss and notify, webauthn:virtualAuthenticators: true}
Session ID: dba84c715547f681dec4499f9f09a0a3
*** Element info: {Using=link text, value=Sign up}">
      <![CDATA[org.openqa.selenium.WebDriverException: chrome not reachable
  (Session info: chrome=85.0.4183.102)
Build info: version: '3.141.59', revision: 'e82be7d358', time: '2018-11-14T08:17:03'
System info: host: 'ATMECSBLRLT-036', ip: '192.168.43.99', os.name: 'Windows 10', os.arch: 'amd64', os.version: '10.0', java.version: '12.0.2'
Driver info: org.openqa.selenium.chrome.ChromeDriver
Capabilities {acceptInsecureCerts: false, browserName: chrome, browserVersion: 85.0.4183.102, chrome: {chromedriverVersion: 85.0.4183.87 (cd6713ebf92fa..., userDataDir: C:\Users\PADMAP~1.I\AppData...}, goog:chromeOptions: {debuggerAddress: localhost:52641}, javascriptEnabled: true, networkConnectionEnabled: false, pageLoadStrategy: normal, platform: WINDOWS, platformName: WINDOWS, proxy: Proxy(), setWindowRect: true, strictFileInteractability: false, timeouts: {implicit: 0, pageLoad: 300000, script: 30000}, unhandledPromptBehavior: dismiss and notify, webauthn:virtualAuthenticators: true}
Session ID: dba84c715547f681dec4499f9f09a0a3
*** Element info: {Using=link text, value=Sign up}
at org.openqa.selenium.remote.http.W3CHttpResponseCodec.createException(W3CHttpResponseCodec.java:187)
at org.openqa.selenium.remote.http.W3CHttpResponseCodec.decode(W3CHttpResponseCodec.java:122)
at org.openqa.selenium.remote.http.W3CHttpResponseCodec.decode(W3CHttpResponseCodec.java:49)
at org.openqa.selenium.remote.HttpCommandExecutor.execute(HttpCommandExecutor.java:158)
at org.openqa.selenium.remote.service.DriverCommandExecutor.execute(DriverCommandExecutor.java:83)
at org.openqa.selenium.remote.RemoteWebDriver.execute(RemoteWebDriver.java:552)
at org.openqa.selenium.remote.RemoteWebDriver.findElement(RemoteWebDriver.java:323)
at org.openqa.selenium.remote.RemoteWebDriver.findElementByLinkText(RemoteWebDriver.java:380)
at org.openqa.selenium.By$ByLinkText.findElement(By.java:220)
at org.openqa.selenium.remote.RemoteWebDriver.findElement(RemoteWebDriver.java:315)
at com.atmecs.demoblaze.DemoBlazeHelperClass.linkText(DemoBlazeHelperClass.java:27)
at com.atmecs.demoblaze.SignUpTest.demoBlazeSignUp(SignUpTest.java:14)
... Removed 30 stack frames]]>
    </failure>
  </testcase> <!-- demoBlazeSignUp -->
  <testcase classname="com.atmecs.demoblaze.LogInTest" name="demoBlazeLogIn" time="0.002">
    <failure type="java.lang.NullPointerException">
      <![CDATA[java.lang.NullPointerException
at com.atmecs.demoblaze.LogInTest.demoBlazeLogIn(LogInTest.java:10)
... Removed 25 stack frames]]>
    </failure>
  </testcase> <!-- demoBlazeLogIn -->
  <testcase classname="com.atmecs.demoblaze.AddToCartTest" name="demoBlazeAddToCart" time="0.003">
    <failure type="java.lang.NullPointerException">
      <![CDATA[java.lang.NullPointerException
at com.atmecs.demoblaze.AddToCartTest.demoBlazeAddToCart(AddToCartTest.java:12)
... Removed 25 stack frames]]>
    </failure>
  </testcase> <!-- demoBlazeAddToCart -->
  <testcase classname="com.atmecs.demoblaze.VerifyCartTest" name="demoBlazeVerifyCart" time="0.002">
    <failure type="java.lang.NullPointerException">
      <![CDATA[java.lang.NullPointerException
at com.atmecs.demoblaze.VerifyCartTest.demoBlazeVerifyCart(VerifyCartTest.java:10)
... Removed 25 stack frames]]>
    </failure>
  </testcase> <!-- demoBlazeVerifyCart -->
  <testcase classname="com.atmecs.demoblaze.ContactUsTest" name="demoBlazeContact" time="3.636"/>
  <testcase classname="com.atmecs.demoblaze.BaseTest" name="@BeforeTest beforeTest" time="0.0">
    <ignored/>
  </testcase> <!-- @BeforeTest beforeTest -->
  <testcase classname="com.atmecs.demoblaze.BaseTest" name="@BeforeTest beforeTest" time="0.0">
    <ignored/>
  </testcase> <!-- @BeforeTest beforeTest -->
  <testcase classname="com.atmecs.demoblaze.BaseTest" name="@BeforeTest beforeTest" time="0.0">
    <ignored/>
  </testcase> <!-- @BeforeTest beforeTest -->
  <testcase classname="com.atmecs.demoblaze.BaseTest" name="@AfterTest afterTest" time="0.0">
    <ignored/>
  </testcase> <!-- @AfterTest afterTest -->
  <testcase classname="com.atmecs.demoblaze.BaseTest" name="@AfterTest afterTest" time="0.0">
    <ignored/>
  </testcase> <!-- @AfterTest afterTest -->
  <testcase classname="com.atmecs.demoblaze.BaseTest" name="@AfterTest afterTest" time="0.0">
    <ignored/>
  </testcase> <!-- @AfterTest afterTest -->
</testsuite> <!-- SignUp -->
