<?xml version="1.0" encoding="UTF-8"?>
<testng-results ignored="0" total="1" passed="1" failed="0" skipped="0">
  <reporter-output>
  </reporter-output>
  <suite started-at="2020-11-03T14:41:10 IST" name="Default suite" finished-at="2020-11-03T14:41:13 IST" duration-ms="2450">
    <groups>
    </groups>
    <test started-at="2020-11-03T14:41:10 IST" name="Default test" finished-at="2020-11-03T14:41:13 IST" duration-ms="2450">
      <class name="com.atmecs.onetomany.empdetails.InsertData">
        <test-method signature="insertData()[pri:0, instance:com.atmecs.onetomany.empdetails.InsertData@1a942c18]" started-at="2020-11-03T14:41:11 IST" name="insertData" finished-at="2020-11-03T14:41:13 IST" duration-ms="2405" status="PASS">
          <reporter-output>
          </reporter-output>
        </test-method> <!-- insertData -->
      </class> <!-- com.atmecs.onetomany.empdetails.InsertData -->
    </test> <!-- Default test -->
  </suite> <!-- Default suite -->
</testng-results>
