<?xml version="1.0" encoding="UTF-8"?>
<!-- Generated by org.testng.reporters.JUnitXMLReporter -->
<testsuite ignored="0" hostname="ATMECSBLRLT-036" failures="0" tests="1" name="GooglePlus" time="0.01" errors="0" timestamp="22 Sep 2020 07:10:28 GMT">
  <testcase classname="com.atmecs.demoautomation.GooglePlusTest" name="@BeforeTest beforeTest" time="0.001">
    <failure type="java.io.FileNotFoundException" message="\chromedriver.exe\src\main\resources\locators\locators.properties (The system cannot find the path specified)">
      <![CDATA[java.io.FileNotFoundException: \chromedriver.exe\src\main\resources\locators\locators.properties (The system cannot find the path specified)
at java.base/java.io.FileInputStream.open0(Native Method)
at java.base/java.io.FileInputStream.open(FileInputStream.java:213)
at java.base/java.io.FileInputStream.<init>(FileInputStream.java:155)
at java.base/java.io.FileInputStream.<init>(FileInputStream.java:110)
at com.atmecs.demoautomation.GooglePlusTest.beforeTest(GooglePlusTest.java:23)
... Removed 24 stack frames]]>
    </failure>
  </testcase> <!-- @BeforeTest beforeTest -->
  <testcase classname="com.atmecs.demoautomation.GooglePlusTest" name="@BeforeClass beforeClass" time="0.0">
    <skipped/>
  </testcase> <!-- @BeforeClass beforeClass -->
  <testcase classname="com.atmecs.demoautomation.GooglePlusTest" name="@AfterTest afterTest" time="0.0">
    <skipped/>
  </testcase> <!-- @AfterTest afterTest -->
  <testcase classname="com.atmecs.demoautomation.GooglePlusTest" name="googlePlus" time="0.0">
    <skipped/>
  </testcase> <!-- googlePlus -->
</testsuite> <!-- GooglePlus -->
