<?xml version="1.0" encoding="UTF-8"?>
<!-- Generated by org.testng.reporters.JUnitXMLReporter -->
<testsuite ignored="0" hostname="ATMECSBLRLT-036" failures="0" tests="6" name="Test" time="3.665" errors="0" timestamp="21 Sep 2020 11:13:01 GMT">
  <testcase classname="com.atmecs.demoautomation.GooglePlusTest" name="@BeforeTest beforeTest" time="0.001">
    <failure type="java.io.FileNotFoundException" message="\chromedriver.exe\src\main\resources\locators\locators.properties (The system cannot find the path specified)">
      <![CDATA[java.io.FileNotFoundException: \chromedriver.exe\src\main\resources\locators\locators.properties (The system cannot find the path specified)
at java.base/java.io.FileInputStream.open0(Native Method)
at java.base/java.io.FileInputStream.open(FileInputStream.java:213)
at java.base/java.io.FileInputStream.<init>(FileInputStream.java:155)
at java.base/java.io.FileInputStream.<init>(FileInputStream.java:110)
at com.atmecs.demoautomation.GooglePlusTest.beforeTest(GooglePlusTest.java:24)
... Removed 24 stack frames]]>
    </failure>
  </testcase> <!-- @BeforeTest beforeTest -->
  <testcase classname="com.atmecs.demoautomation.LinkedInTest" name="@BeforeTest beforeTest" time="0.0">
    <skipped/>
  </testcase> <!-- @BeforeTest beforeTest -->
  <testcase classname="com.atmecs.demoautomation.RegisterTest" name="@BeforeTest beforeTest" time="0.0">
    <skipped/>
  </testcase> <!-- @BeforeTest beforeTest -->
  <testcase classname="com.atmecs.demoautomation.TwitterTest" name="@BeforeTest beforeTest" time="0.0">
    <skipped/>
  </testcase> <!-- @BeforeTest beforeTest -->
  <testcase classname="com.atmecs.demoautomation.YouTubeTest" name="@BeforeTest beforeTest" time="0.0">
    <skipped/>
  </testcase> <!-- @BeforeTest beforeTest -->
  <testcase classname="com.atmecs.demoautomation.RegisterTest" name="@BeforeClass beforeClass" time="0.0">
    <skipped/>
  </testcase> <!-- @BeforeClass beforeClass -->
  <testcase classname="com.atmecs.demoautomation.FaceBookTest" name="@BeforeClass beforeClass" time="0.0">
    <skipped/>
  </testcase> <!-- @BeforeClass beforeClass -->
  <testcase classname="com.atmecs.demoautomation.LinkedInTest" name="@BeforeClass beforeClass" time="0.0">
    <skipped/>
  </testcase> <!-- @BeforeClass beforeClass -->
  <testcase classname="com.atmecs.demoautomation.YouTubeTest" name="@BeforeClass beforeClass" time="0.0">
    <skipped/>
  </testcase> <!-- @BeforeClass beforeClass -->
  <testcase classname="com.atmecs.demoautomation.GooglePlusTest" name="@BeforeClass beforeClass" time="0.0">
    <skipped/>
  </testcase> <!-- @BeforeClass beforeClass -->
  <testcase classname="com.atmecs.demoautomation.TwitterTest" name="@BeforeClass beforeClass" time="0.0">
    <skipped/>
  </testcase> <!-- @BeforeClass beforeClass -->
  <testcase classname="com.atmecs.demoautomation.FaceBookTest" name="@AfterTest afterTest" time="0.0">
    <skipped/>
  </testcase> <!-- @AfterTest afterTest -->
  <testcase classname="com.atmecs.demoautomation.GooglePlusTest" name="@AfterTest afterTest" time="0.0">
    <skipped/>
  </testcase> <!-- @AfterTest afterTest -->
  <testcase classname="com.atmecs.demoautomation.LinkedInTest" name="@AfterTest afterTest" time="0.0">
    <skipped/>
  </testcase> <!-- @AfterTest afterTest -->
  <testcase classname="com.atmecs.demoautomation.RegisterTest" name="@AfterTest afterTest" time="0.0">
    <skipped/>
  </testcase> <!-- @AfterTest afterTest -->
  <testcase classname="com.atmecs.demoautomation.TwitterTest" name="@AfterTest afterTest" time="0.0">
    <skipped/>
  </testcase> <!-- @AfterTest afterTest -->
  <testcase classname="com.atmecs.demoautomation.YouTubeTest" name="@AfterTest afterTest" time="0.0">
    <skipped/>
  </testcase> <!-- @AfterTest afterTest -->
  <testcase classname="com.atmecs.demoautomation.RegisterTest" name="register" time="0.0">
    <skipped/>
  </testcase> <!-- register -->
  <testcase classname="com.atmecs.demoautomation.FaceBookTest" name="faceBook" time="0.0">
    <skipped/>
  </testcase> <!-- faceBook -->
  <testcase classname="com.atmecs.demoautomation.LinkedInTest" name="linkedIn" time="0.0">
    <skipped/>
  </testcase> <!-- linkedIn -->
  <testcase classname="com.atmecs.demoautomation.YouTubeTest" name="youTube" time="0.0">
    <skipped/>
  </testcase> <!-- youTube -->
  <testcase classname="com.atmecs.demoautomation.GooglePlusTest" name="googlePlus" time="0.0">
    <skipped/>
  </testcase> <!-- googlePlus -->
  <testcase classname="com.atmecs.demoautomation.TwitterTest" name="twitter" time="0.0">
    <skipped/>
  </testcase> <!-- twitter -->
</testsuite> <!-- Test -->
