<?xml version="1.0" encoding="UTF-8"?>
<!-- Generated by org.testng.reporters.JUnitXMLReporter -->
<testsuite ignored="0" hostname="ATMECSBLRLT-036" failures="1" tests="1" name="Test" time="8.316" errors="0" timestamp="2020-10-16T12:13:10 IST">
  <testcase classname="com.atmecs.jsonsample.TestClass" name="testClass" time="8.231">
    <failure type="java.util.NoSuchElementException">
      <![CDATA[java.util.NoSuchElementException
at java.base/java.util.Scanner.throwFor(Scanner.java:937)
at java.base/java.util.Scanner.next(Scanner.java:1478)
at com.atmecs.jsonsample.TestClass.testClass(TestClass.java:49)
at java.base/java.util.ArrayList.forEach(ArrayList.java:1540)
... Removed 27 stack frames]]>
    </failure>
  </testcase> <!-- testClass -->
</testsuite> <!-- Test -->
