<?xml version="1.0" encoding="UTF-8"?>
<!-- Generated by org.testng.reporters.JUnitXMLReporter -->
<testsuite ignored="0" hostname="ATMECSBLRLT-036" failures="1" tests="1" name="Test" time="102.271" errors="0" timestamp="2020-10-13T13:03:52 IST">
  <testcase classname="com.atmecs.jsonsample.TestClass" name="testClass" time="102.224">
    <failure type="java.lang.NullPointerException">
      <![CDATA[java.lang.NullPointerException
at com.atmecs.jsonsample.getrequest.GetRequest.getRequest(GetRequest.java:16)
at com.atmecs.jsonsample.TestClass.testClass(TestClass.java:26)
at java.base/java.util.ArrayList.forEach(ArrayList.java:1540)
... Removed 27 stack frames]]>
    </failure>
  </testcase> <!-- testClass -->
</testsuite> <!-- Test -->
