<?xml version="1.0" encoding="UTF-8"?>
<testng-results ignored="0" total="6" passed="6" failed="0" skipped="0">
  <reporter-output>
  </reporter-output>
  <suite started-at="2020-10-07T08:41:59Z" name="TestSuite" finished-at="2020-10-07T08:46:19Z" duration-ms="260132">
    <groups>
    </groups>
    <test started-at="2020-10-07T08:41:59Z" name="ChromeTest" finished-at="2020-10-07T08:44:13Z" duration-ms="134170">
      <class name="com.atmecs.exceldata.ExcelTest">
        <test-method is-config="true" signature="beforeTest(java.lang.String)[pri:0, instance:com.atmecs.exceldata.ExcelTest@4310d43]" started-at="2020-10-07T08:42:00Z" name="beforeTest" finished-at="2020-10-07T08:42:19Z" duration-ms="18916" status="PASS">
          <params>
            <param index="0">
              <value>
                <![CDATA[Chrome]]>
              </value>
            </param>
          </params>
          <reporter-output>
          </reporter-output>
        </test-method> <!-- beforeTest -->
        <test-method signature="ReadData(java.lang.String, java.lang.String, java.lang.String)[pri:0, instance:com.atmecs.exceldata.ExcelTest@4310d43]" started-at="2020-10-07T08:42:19Z" name="ReadData" data-provider="Data" finished-at="2020-10-07T08:43:12Z" duration-ms="53371" status="PASS">
          <params>
            <param index="0">
              <value>
                <![CDATA[Padmapriya Inba]]>
              </value>
            </param>
            <param index="1">
              <value>
                <![CDATA[234533456]]>
              </value>
            </param>
            <param index="2">
              <value>
                <![CDATA[abc@gmail.com]]>
              </value>
            </param>
          </params>
          <reporter-output>
          </reporter-output>
        </test-method> <!-- ReadData -->
        <test-method is-config="true" signature="afterTest(org.testng.ITestResult)[pri:0, instance:com.atmecs.exceldata.ExcelTest@4310d43]" started-at="2020-10-07T08:43:12Z" name="afterTest" finished-at="2020-10-07T08:43:16Z" duration-ms="3375" status="PASS">
          <params>
            <param index="0">
              <value>
                <![CDATA[[TestResult name=ReadData status=SUCCESS method=ExcelTest.ReadData(java.lang.String, java.lang.String, java.lang.String)[pri:0, instance:com.atmecs.exceldata.ExcelTest@4310d43] output={null}]]]>
              </value>
            </param>
          </params>
          <reporter-output>
          </reporter-output>
        </test-method> <!-- afterTest -->
        <test-method is-config="true" signature="beforeTest(java.lang.String)[pri:0, instance:com.atmecs.exceldata.ExcelTest@4310d43]" started-at="2020-10-07T08:43:16Z" name="beforeTest" finished-at="2020-10-07T08:43:24Z" duration-ms="8312" status="PASS">
          <params>
            <param index="0">
              <value>
                <![CDATA[Chrome]]>
              </value>
            </param>
          </params>
          <reporter-output>
          </reporter-output>
        </test-method> <!-- beforeTest -->
        <test-method signature="ReadData(java.lang.String, java.lang.String, java.lang.String)[pri:0, instance:com.atmecs.exceldata.ExcelTest@4310d43]" started-at="2020-10-07T08:43:24Z" name="ReadData" data-provider="Data" finished-at="2020-10-07T08:44:12Z" duration-ms="48434" status="PASS">
          <params>
            <param index="0">
              <value>
                <![CDATA[Abc]]>
              </value>
            </param>
            <param index="1">
              <value>
                <![CDATA[123456678]]>
              </value>
            </param>
            <param index="2">
              <value>
                <![CDATA[xyz@gmail.com]]>
              </value>
            </param>
          </params>
          <reporter-output>
          </reporter-output>
        </test-method> <!-- ReadData -->
        <test-method is-config="true" signature="afterTest(org.testng.ITestResult)[pri:0, instance:com.atmecs.exceldata.ExcelTest@4310d43]" started-at="2020-10-07T08:44:12Z" name="afterTest" finished-at="2020-10-07T08:44:13Z" duration-ms="1123" status="PASS">
          <params>
            <param index="0">
              <value>
                <![CDATA[[TestResult name=ReadData status=SUCCESS method=ExcelTest.ReadData(java.lang.String, java.lang.String, java.lang.String)[pri:0, instance:com.atmecs.exceldata.ExcelTest@4310d43] output={null}]]]>
              </value>
            </param>
          </params>
          <reporter-output>
          </reporter-output>
        </test-method> <!-- afterTest -->
      </class> <!-- com.atmecs.exceldata.ExcelTest -->
    </test> <!-- ChromeTest -->
    <test started-at="2020-10-07T08:41:59Z" name="FireFoxTest" finished-at="2020-10-07T08:44:29Z" duration-ms="149305">
      <class name="com.atmecs.exceldata.ExcelTest">
        <test-method is-config="true" signature="beforeTest(java.lang.String)[pri:0, instance:com.atmecs.exceldata.ExcelTest@2e3967ea]" started-at="2020-10-07T08:42:00Z" name="beforeTest" finished-at="2020-10-07T08:42:30Z" duration-ms="29722" status="PASS">
          <params>
            <param index="0">
              <value>
                <![CDATA[Firefox]]>
              </value>
            </param>
          </params>
          <reporter-output>
          </reporter-output>
        </test-method> <!-- beforeTest -->
        <test-method signature="ReadData(java.lang.String, java.lang.String, java.lang.String)[pri:0, instance:com.atmecs.exceldata.ExcelTest@2e3967ea]" started-at="2020-10-07T08:42:30Z" name="ReadData" data-provider="Data" finished-at="2020-10-07T08:43:23Z" duration-ms="52908" status="PASS">
          <params>
            <param index="0">
              <value>
                <![CDATA[Padmapriya Inba]]>
              </value>
            </param>
            <param index="1">
              <value>
                <![CDATA[234533456]]>
              </value>
            </param>
            <param index="2">
              <value>
                <![CDATA[abc@gmail.com]]>
              </value>
            </param>
          </params>
          <reporter-output>
          </reporter-output>
        </test-method> <!-- ReadData -->
        <test-method is-config="true" signature="afterTest(org.testng.ITestResult)[pri:0, instance:com.atmecs.exceldata.ExcelTest@2e3967ea]" started-at="2020-10-07T08:43:23Z" name="afterTest" finished-at="2020-10-07T08:43:25Z" duration-ms="2608" status="PASS">
          <params>
            <param index="0">
              <value>
                <![CDATA[[TestResult name=ReadData status=SUCCESS method=ExcelTest.ReadData(java.lang.String, java.lang.String, java.lang.String)[pri:0, instance:com.atmecs.exceldata.ExcelTest@2e3967ea] output={null}]]]>
              </value>
            </param>
          </params>
          <reporter-output>
          </reporter-output>
        </test-method> <!-- afterTest -->
        <test-method is-config="true" signature="beforeTest(java.lang.String)[pri:0, instance:com.atmecs.exceldata.ExcelTest@2e3967ea]" started-at="2020-10-07T08:43:25Z" name="beforeTest" finished-at="2020-10-07T08:43:36Z" duration-ms="11142" status="PASS">
          <params>
            <param index="0">
              <value>
                <![CDATA[Firefox]]>
              </value>
            </param>
          </params>
          <reporter-output>
          </reporter-output>
        </test-method> <!-- beforeTest -->
        <test-method signature="ReadData(java.lang.String, java.lang.String, java.lang.String)[pri:0, instance:com.atmecs.exceldata.ExcelTest@2e3967ea]" started-at="2020-10-07T08:43:36Z" name="ReadData" data-provider="Data" finished-at="2020-10-07T08:44:25Z" duration-ms="48951" status="PASS">
          <params>
            <param index="0">
              <value>
                <![CDATA[Abc]]>
              </value>
            </param>
            <param index="1">
              <value>
                <![CDATA[123456678]]>
              </value>
            </param>
            <param index="2">
              <value>
                <![CDATA[xyz@gmail.com]]>
              </value>
            </param>
          </params>
          <reporter-output>
          </reporter-output>
        </test-method> <!-- ReadData -->
        <test-method is-config="true" signature="afterTest(org.testng.ITestResult)[pri:0, instance:com.atmecs.exceldata.ExcelTest@2e3967ea]" started-at="2020-10-07T08:44:25Z" name="afterTest" finished-at="2020-10-07T08:44:29Z" duration-ms="3337" status="PASS">
          <params>
            <param index="0">
              <value>
                <![CDATA[[TestResult name=ReadData status=SUCCESS method=ExcelTest.ReadData(java.lang.String, java.lang.String, java.lang.String)[pri:0, instance:com.atmecs.exceldata.ExcelTest@2e3967ea] output={null}]]]>
              </value>
            </param>
          </params>
          <reporter-output>
          </reporter-output>
        </test-method> <!-- afterTest -->
      </class> <!-- com.atmecs.exceldata.ExcelTest -->
    </test> <!-- FireFoxTest -->
    <test started-at="2020-10-07T08:44:14Z" name="MsEdgeTest" finished-at="2020-10-07T08:46:19Z" duration-ms="125847">
      <class name="com.atmecs.exceldata.ExcelTest">
        <test-method is-config="true" signature="beforeTest(java.lang.String)[pri:0, instance:com.atmecs.exceldata.ExcelTest@6221a451]" started-at="2020-10-07T08:44:14Z" name="beforeTest" finished-at="2020-10-07T08:44:32Z" duration-ms="18260" status="PASS">
          <params>
            <param index="0">
              <value>
                <![CDATA[Edge]]>
              </value>
            </param>
          </params>
          <reporter-output>
          </reporter-output>
        </test-method> <!-- beforeTest -->
        <test-method signature="ReadData(java.lang.String, java.lang.String, java.lang.String)[pri:0, instance:com.atmecs.exceldata.ExcelTest@6221a451]" started-at="2020-10-07T08:44:32Z" name="ReadData" data-provider="Data" finished-at="2020-10-07T08:45:20Z" duration-ms="48472" status="PASS">
          <params>
            <param index="0">
              <value>
                <![CDATA[Padmapriya Inba]]>
              </value>
            </param>
            <param index="1">
              <value>
                <![CDATA[234533456]]>
              </value>
            </param>
            <param index="2">
              <value>
                <![CDATA[abc@gmail.com]]>
              </value>
            </param>
          </params>
          <reporter-output>
          </reporter-output>
        </test-method> <!-- ReadData -->
        <test-method is-config="true" signature="afterTest(org.testng.ITestResult)[pri:0, instance:com.atmecs.exceldata.ExcelTest@6221a451]" started-at="2020-10-07T08:45:20Z" name="afterTest" finished-at="2020-10-07T08:45:21Z" duration-ms="1201" status="PASS">
          <params>
            <param index="0">
              <value>
                <![CDATA[[TestResult name=ReadData status=SUCCESS method=ExcelTest.ReadData(java.lang.String, java.lang.String, java.lang.String)[pri:0, instance:com.atmecs.exceldata.ExcelTest@6221a451] output={null}]]]>
              </value>
            </param>
          </params>
          <reporter-output>
          </reporter-output>
        </test-method> <!-- afterTest -->
        <test-method is-config="true" signature="beforeTest(java.lang.String)[pri:0, instance:com.atmecs.exceldata.ExcelTest@6221a451]" started-at="2020-10-07T08:45:21Z" name="beforeTest" finished-at="2020-10-07T08:45:30Z" duration-ms="8012" status="PASS">
          <params>
            <param index="0">
              <value>
                <![CDATA[Edge]]>
              </value>
            </param>
          </params>
          <reporter-output>
          </reporter-output>
        </test-method> <!-- beforeTest -->
        <test-method signature="ReadData(java.lang.String, java.lang.String, java.lang.String)[pri:0, instance:com.atmecs.exceldata.ExcelTest@6221a451]" started-at="2020-10-07T08:45:30Z" name="ReadData" data-provider="Data" finished-at="2020-10-07T08:46:18Z" duration-ms="48787" status="PASS">
          <params>
            <param index="0">
              <value>
                <![CDATA[Abc]]>
              </value>
            </param>
            <param index="1">
              <value>
                <![CDATA[123456678]]>
              </value>
            </param>
            <param index="2">
              <value>
                <![CDATA[xyz@gmail.com]]>
              </value>
            </param>
          </params>
          <reporter-output>
          </reporter-output>
        </test-method> <!-- ReadData -->
        <test-method is-config="true" signature="afterTest(org.testng.ITestResult)[pri:0, instance:com.atmecs.exceldata.ExcelTest@6221a451]" started-at="2020-10-07T08:46:18Z" name="afterTest" finished-at="2020-10-07T08:46:19Z" duration-ms="1087" status="PASS">
          <params>
            <param index="0">
              <value>
                <![CDATA[[TestResult name=ReadData status=SUCCESS method=ExcelTest.ReadData(java.lang.String, java.lang.String, java.lang.String)[pri:0, instance:com.atmecs.exceldata.ExcelTest@6221a451] output={null}]]]>
              </value>
            </param>
          </params>
          <reporter-output>
          </reporter-output>
        </test-method> <!-- afterTest -->
      </class> <!-- com.atmecs.exceldata.ExcelTest -->
    </test> <!-- MsEdgeTest -->
  </suite> <!-- TestSuite -->
</testng-results>
