<?xml version="1.0" encoding="UTF-8"?>
<testng-results ignored="0" total="1" passed="0" failed="1" skipped="0">
  <reporter-output>
  </reporter-output>
  <suite started-at="2020-09-25T07:36:40Z" name="Suite" finished-at="2020-09-25T07:37:16Z" duration-ms="35990">
    <groups>
    </groups>
    <test started-at="2020-09-25T07:36:40Z" name="Test" finished-at="2020-09-25T07:37:16Z" duration-ms="35990">
      <class name="com.atmecs.exceldata.ExcelData">
        <test-method is-config="true" signature="beforeTest()[pri:0, instance:com.atmecs.exceldata.ExcelData@19d37183]" started-at="2020-09-25T07:36:40Z" name="beforeTest" finished-at="2020-09-25T07:36:49Z" duration-ms="9650" status="PASS">
          <reporter-output>
          </reporter-output>
        </test-method> <!-- beforeTest -->
        <test-method signature="excelData()[pri:0, instance:com.atmecs.exceldata.ExcelData@19d37183]" started-at="2020-09-25T07:36:49Z" name="excelData" finished-at="2020-09-25T07:37:14Z" duration-ms="24847" status="FAIL">
          <exception class="org.apache.poi.poifs.filesystem.OfficeXmlFileException">
            <message>
              <![CDATA[The supplied data appears to be in the Office 2007+ XML. You are calling the part of POI that deals with OLE2 Office Documents. You need to call a different part of POI to process this data (eg XSSF instead of HSSF)]]>
            </message>
            <full-stacktrace>
              <![CDATA[org.apache.poi.poifs.filesystem.OfficeXmlFileException: The supplied data appears to be in the Office 2007+ XML. You are calling the part of POI that deals with OLE2 Office Documents. You need to call a different part of POI to process this data (eg XSSF instead of HSSF)
at org.apache.poi.poifs.storage.HeaderBlock.<init>(HeaderBlock.java:131)
at org.apache.poi.poifs.storage.HeaderBlock.<init>(HeaderBlock.java:104)
at org.apache.poi.poifs.filesystem.POIFSFileSystem.<init>(POIFSFileSystem.java:138)
at org.apache.poi.hssf.usermodel.HSSFWorkbook.<init>(HSSFWorkbook.java:322)
at org.apache.poi.hssf.usermodel.HSSFWorkbook.<init>(HSSFWorkbook.java:303)
at com.atmecs.chatbox.PageFile.PageHelper.ReadData(PageHelper.java:40)
at com.atmecs.exceldata.ExcelData.excelData(ExcelData.java:18)
at java.base/jdk.internal.reflect.NativeMethodAccessorImpl.invoke0(Native Method)
at java.base/jdk.internal.reflect.NativeMethodAccessorImpl.invoke(NativeMethodAccessorImpl.java:62)
at java.base/jdk.internal.reflect.DelegatingMethodAccessorImpl.invoke(DelegatingMethodAccessorImpl.java:43)
at java.base/java.lang.reflect.Method.invoke(Method.java:567)
at org.testng.internal.MethodInvocationHelper.invokeMethod(MethodInvocationHelper.java:124)
at org.testng.internal.Invoker.invokeMethod(Invoker.java:583)
at org.testng.internal.Invoker.invokeTestMethod(Invoker.java:719)
at org.testng.internal.Invoker.invokeTestMethods(Invoker.java:989)
at org.testng.internal.TestMethodWorker.invokeTestMethods(TestMethodWorker.java:125)
at org.testng.internal.TestMethodWorker.run(TestMethodWorker.java:109)
at org.testng.TestRunner.privateRun(TestRunner.java:648)
at org.testng.TestRunner.run(TestRunner.java:505)
at org.testng.SuiteRunner.runTest(SuiteRunner.java:455)
at org.testng.SuiteRunner.runSequentially(SuiteRunner.java:450)
at org.testng.SuiteRunner.privateRun(SuiteRunner.java:415)
at org.testng.SuiteRunner.run(SuiteRunner.java:364)
at org.testng.SuiteRunnerWorker.runSuite(SuiteRunnerWorker.java:52)
at org.testng.SuiteRunnerWorker.run(SuiteRunnerWorker.java:84)
at org.testng.TestNG.runSuitesSequentially(TestNG.java:1208)
at org.testng.TestNG.runSuitesLocally(TestNG.java:1137)
at org.testng.TestNG.runSuites(TestNG.java:1049)
at org.testng.TestNG.run(TestNG.java:1017)
at org.testng.remote.AbstractRemoteTestNG.run(AbstractRemoteTestNG.java:115)
at org.testng.remote.RemoteTestNG.initAndRun(RemoteTestNG.java:251)
at org.testng.remote.RemoteTestNG.main(RemoteTestNG.java:77)
]]>
            </full-stacktrace>
          </exception> <!-- org.apache.poi.poifs.filesystem.OfficeXmlFileException -->
          <reporter-output>
          </reporter-output>
        </test-method> <!-- excelData -->
        <test-method is-config="true" signature="afterTest()[pri:0, instance:com.atmecs.exceldata.ExcelData@19d37183]" started-at="2020-09-25T07:37:14Z" name="afterTest" finished-at="2020-09-25T07:37:16Z" duration-ms="1451" status="PASS">
          <reporter-output>
          </reporter-output>
        </test-method> <!-- afterTest -->
      </class> <!-- com.atmecs.exceldata.ExcelData -->
    </test> <!-- Test -->
  </suite> <!-- Suite -->
</testng-results>
