<?xml version="1.0" encoding="UTF-8"?>
<testng-results ignored="0" total="1" passed="1" failed="0" skipped="0">
  <reporter-output>
  </reporter-output>
  <suite started-at="2020-09-29T01:54:03Z" name="Default suite" finished-at="2020-09-29T01:54:21Z" duration-ms="18070">
    <groups>
    </groups>
    <test started-at="2020-09-29T01:54:03Z" name="Default test" finished-at="2020-09-29T01:54:21Z" duration-ms="18070">
      <class name="com.atmecs.demoblaze.VerifyCartTest">
        <test-method is-config="true" signature="beforeMethod()[pri:0, instance:com.atmecs.demoblaze.VerifyCartTest@6156496]" started-at="2020-09-29T01:54:03Z" name="beforeMethod" finished-at="2020-09-29T01:54:19Z" duration-ms="15816" status="PASS">
          <reporter-output>
          </reporter-output>
        </test-method> <!-- beforeMethod -->
        <test-method signature="verifyCartTest()[pri:0, instance:com.atmecs.demoblaze.VerifyCartTest@6156496]" started-at="2020-09-29T01:54:19Z" name="verifyCartTest" finished-at="2020-09-29T01:54:21Z" duration-ms="1480" status="PASS">
          <reporter-output>
          </reporter-output>
        </test-method> <!-- verifyCartTest -->
        <test-method is-config="true" signature="afterMethod()[pri:0, instance:com.atmecs.demoblaze.VerifyCartTest@6156496]" started-at="2020-09-29T01:54:21Z" name="afterMethod" finished-at="2020-09-29T01:54:21Z" duration-ms="742" status="PASS">
          <reporter-output>
          </reporter-output>
        </test-method> <!-- afterMethod -->
      </class> <!-- com.atmecs.demoblaze.VerifyCartTest -->
    </test> <!-- Default test -->
  </suite> <!-- Default suite -->
</testng-results>
