<?xml version="1.0" encoding="UTF-8"?>
<testng-results ignored="0" total="1" passed="1" failed="0" skipped="0">
  <reporter-output>
  </reporter-output>
  <suite started-at="2020-10-29T17:01:00 IST" name="Default suite" finished-at="2020-10-29T17:01:02 IST" duration-ms="2309">
    <groups>
    </groups>
    <test started-at="2020-10-29T17:01:00 IST" name="Default test" finished-at="2020-10-29T17:01:02 IST" duration-ms="2309">
      <class name="com.atmecs.bionetoone.employee.Insertdata">
        <test-method signature="insertData()[pri:0, instance:com.atmecs.bionetoone.employee.Insertdata@1a942c18]" started-at="2020-10-29T17:01:00 IST" name="insertData" finished-at="2020-10-29T17:01:02 IST" duration-ms="2262" status="PASS">
          <reporter-output>
          </reporter-output>
        </test-method> <!-- insertData -->
      </class> <!-- com.atmecs.bionetoone.employee.Insertdata -->
    </test> <!-- Default test -->
  </suite> <!-- Default suite -->
</testng-results>
